<?xml version="1.0" encoding="UTF-8"?>
<robot generator="Robot 6.1 (Python 3.11.3 on win32)" generated="20230625 11:09:59.006" rpa="false" schemaversion="4">
<suite id="s1" name="Login" source="C:\Amirali\SnappPay\Login.robot">
<test id="s1-t1" name="Login" line="5">
<kw name="Open Browser" library="SeleniumLibrary">
<arg>https://www.saucedemo.com/</arg>
<arg>chrome</arg>
<doc>Opens a new browser instance to the optional ``url``.</doc>
<msg timestamp="20230625 11:09:59.715" level="INFO">Opening browser 'chrome' to base url 'https://www.saucedemo.com/'.</msg>
<msg timestamp="20230625 11:09:59.715" level="INFO">Cannot capture screenshot because no browser is open.</msg>
<msg timestamp="20230625 11:09:59.715" level="FAIL">TypeError: WebDriver.__init__() got an unexpected keyword argument 'service_log_path'</msg>
<status status="FAIL" starttime="20230625 11:09:59.709" endtime="20230625 11:09:59.715"/>
</kw>
<kw name="Maximize Browser Window" library="SeleniumLibrary">
<doc>Maximizes current browser window.</doc>
<status status="NOT RUN" starttime="20230625 11:09:59.715" endtime="20230625 11:09:59.715"/>
</kw>
<kw name="Wait Until Element Is Visible" library="SeleniumLibrary">
<arg>id:user-name</arg>
<doc>Waits until the element ``locator`` is visible.</doc>
<status status="NOT RUN" starttime="20230625 11:09:59.715" endtime="20230625 11:09:59.715"/>
</kw>
<kw name="Input Text" library="SeleniumLibrary">
<arg>id:user-name</arg>
<arg>standard_user</arg>
<doc>Types the given ``text`` into the text field identified by ``locator``.</doc>
<status status="NOT RUN" starttime="20230625 11:09:59.715" endtime="20230625 11:09:59.715"/>
</kw>
<kw name="Input Password" library="SeleniumLibrary">
<arg>id:password</arg>
<arg>secret_sauce</arg>
<doc>Types the given password into the text field identified by ``locator``.</doc>
<status status="NOT RUN" starttime="20230625 11:09:59.715" endtime="20230625 11:09:59.715"/>
</kw>
<kw name="Click Element" library="SeleniumLibrary">
<arg>id:login-button</arg>
<doc>Click the element identified by ``locator``.</doc>
<status status="NOT RUN" starttime="20230625 11:09:59.715" endtime="20230625 11:09:59.715"/>
</kw>
<kw name="Sleep" library="BuiltIn">
<arg>5s</arg>
<doc>Pauses the test executed for the given time.</doc>
<status status="NOT RUN" starttime="20230625 11:09:59.715" endtime="20230625 11:09:59.715"/>
</kw>
<kw name="Close Browser" library="SeleniumLibrary">
<doc>Closes the current browser.</doc>
<status status="NOT RUN" starttime="20230625 11:09:59.731" endtime="20230625 11:09:59.731"/>
</kw>
<status status="FAIL" starttime="20230625 11:09:59.709" endtime="20230625 11:09:59.731">TypeError: WebDriver.__init__() got an unexpected keyword argument 'service_log_path'</status>
</test>
<status status="FAIL" starttime="20230625 11:09:59.022" endtime="20230625 11:09:59.731"/>
</suite>
<statistics>
<total>
<stat pass="0" fail="1" skip="0">All Tests</stat>
</total>
<tag>
</tag>
<suite>
<stat pass="0" fail="1" skip="0" id="s1" name="Login">Login</stat>
</suite>
</statistics>
<errors>
</errors>
</robot>
